eeschema (2011-05-25)-stable  >> Creation date: Wed 06 Mar 2013 01:49:59 PM EET

#Cmp ( order = Reference )
| C1         22pf        
| C2         22pf        
| C3         47uf_25v    
| C4         2200UF_25v  
| C5         2200UF      
| C6         103         
| C7         104         
| C8         104         
| C9         22pf        
| C10        22pf        
| C11        103         
| C12        103         
| C13        103         
| D1         LED         
| D2         LED         
| D3         LED         
| D4         LED         
| D5         BRIDGE      
| D6         ZENER 5.1v  
| D7         BRIDGE      
| D8         LED         
| D9         LED         
| D10        1N004       
| D11        1N004       
| D12        1N004       
| D13        1N004       
| D14        1N004       
| D15        1N004       
| D16        ZENER 5.1v  
| D17        ZENER 5.1v  
| D18        ZENER 5.1v  
| F1         FUSE        
| K1         RELAY_5PIN_12V
| K2         CONN_3      
| K3         CONN_3      
| K4         CONN_3      
| K5         CONN_3      
| K6         RELAY_5PIN_12V
| K7         RELAY_5PIN_12V
| K8         RELAY_5PIN_12V
| K9         RELAY_5PIN_12V
| K10        RELAY_5PIN_12V
| K11        CONN_3      
| K12        CONN_3      
| P1         CONN_2      
| P2         CONN_2      
| P3         CONN_2      
| P4         CONN_2      
| P5         CONN_8      
| P6         CONN_2      
| P7         CONN_2      
| Q1         2N2222      
| Q2         2N2222      
| Q3         2N2222      
| Q4         2N2222      
| Q5         2N2222      
| Q6         2N2222      
| R1         10k         
| R2         10k         
| R3         10k         
| R4         10k         
| R7         10k         
| R8         10k         
| R9         10k         
| R10        10k         
| R11        10k         
| R12        10k         
| R13        R           
| R14        R           
| R15        180 R       
| R16        R           
| R17        R           
| R18        R           
| R19        2k          
| R20        R           
| R21        R           
| R22        R           
| R23        R           
| R24        R           
| SW1        SW_PUSH     
| SW2        SW_PUSH     
| T1         TRANSFO2    
| U1         PIC16F628A  
| U2         7805        
| U3         PIC16F628A  
| U4         PC_817      
| U5         PC_817      
| U6         PC_817      
| U7         PC_817      
| U8         PC_817      
| U9         PC_817      
| U10        7812        
| U11        7805        
| X1         20 MHZ      
| X2         20 MHZ      
#End Cmp

#End List
