Drill report for E:/work/Kicad/Tubeforming_pcb/Tubeforming_sp.kicad_pcb
Created on 4/13/2020 2:59:47 PM

Copper Layer Stackup:
    =============================================================
    L1 :  F.Cu                      front
    L2 :  B.Cu                      back


Drill file 'Tubeforming_sp-PTH.drl' contains
    plated through holes:
    =============================================================
    T1  0.55mm  0.022"  (21 holes)
    T2  0.70mm  0.028"  (172 holes)
    T3  0.80mm  0.031"  (161 holes)
    T4  0.90mm  0.035"  (24 holes)
    T5  1.00mm  0.039"  (84 holes)
    T6  1.10mm  0.043"  (14 holes)
    T7  1.20mm  0.047"  (8 holes)
    T8  1.30mm  0.051"  (83 holes)
    T9  1.40mm  0.055"  (79 holes)
    T10  1.60mm  0.063"  (4 holes)

    Total plated holes count 650


Drill file 'Tubeforming_sp-NPTH.drl' contains
    unplated through holes:
    =============================================================
    T1  2.70mm  0.106"  (2 holes)

    Total unplated holes count 2
